2021-03-24 15:35:03,757:	using CPU with 8 cores
2021-03-24 15:35:03,757:	torch uses 4 theards
2021-03-24 15:35:03,757:	max recurssion is 100000
2021-03-24 15:35:04,147:	epoch: 0
2021-03-24 15:35:11,771:	0/7603 -> 0.0% (0:00:08.014124)
2021-03-24 15:35:11,889:	1/7603 -> 0.013152702880441932% (0:00:08.131927)
2021-03-24 15:35:12,381:	2/7603 -> 0.026305405760883863% (0:00:08.623487)
2021-03-24 15:35:12,517:	3/7603 -> 0.03945810864132579% (0:00:08.759684)
2021-03-24 15:35:12,850:	4/7603 -> 0.05261081152176773% (0:00:09.092382)
2021-03-24 15:35:12,969:	5/7603 -> 0.06576351440220965% (0:00:09.211513)
2021-03-24 15:35:13,601:	6/7603 -> 0.07891621728265158% (0:00:09.843366)
2021-03-24 15:35:13,737:	7/7603 -> 0.09206892016309352% (0:00:09.980144)
2021-03-24 15:35:14,294:	8/7603 -> 0.10522162304353545% (0:00:10.536194)
2021-03-24 15:35:14,422:	9/7603 -> 0.11837432592397738% (0:00:10.664361)
2021-03-24 15:35:14,934:	10/7603 -> 0.1315270288044193% (0:00:11.176623)
2021-03-24 15:35:15,045:	11/7603 -> 0.14467973168486123% (0:00:11.287972)
2021-03-24 15:35:15,618:	12/7603 -> 0.15783243456530316% (0:00:11.860330)
2021-03-24 15:35:15,798:	13/7603 -> 0.1709851374457451% (0:00:12.040816)
2021-03-24 15:35:16,338:	14/7603 -> 0.18413784032618705% (0:00:12.581010)
2021-03-24 15:35:16,449:	15/7603 -> 0.19729054320662895% (0:00:12.691533)
2021-03-24 15:35:16,955:	16/7603 -> 0.2104432460870709% (0:00:13.197565)
2021-03-24 15:35:17,072:	17/7603 -> 0.2235959489675128% (0:00:13.315086)
2021-03-24 15:35:17,348:	18/7603 -> 0.23674865184795477% (0:00:13.590860)
2021-03-24 15:35:17,847:	19/7603 -> 0.2499013547283967% (0:00:14.089902)
2021-03-24 15:35:18,170:	20/7603 -> 0.2630540576088386% (0:00:14.412255)
2021-03-24 15:35:18,475:	21/7603 -> 0.27620676048928056% (0:00:14.717510)
2021-03-24 15:35:18,758:	22/7603 -> 0.28935946336972246% (0:00:15.000838)
2021-03-24 15:35:18,920:	23/7603 -> 0.3025121662501644% (0:00:15.163090)
2021-03-24 15:35:19,198:	24/7603 -> 0.3156648691306063% (0:00:15.440728)
2021-03-24 15:35:19,338:	25/7603 -> 0.3288175720110483% (0:00:15.580992)
2021-03-24 15:35:19,603:	26/7603 -> 0.3419702748914902% (0:00:15.846061)
