2021-03-24 15:38:23,737:	opts -> Namespace(batchsize=16, datapath='../data/', device=device(type='cpu'), dropout=0.4, embedder='sageconv', embedding_dim=256, embedding_info='goal', epochs=16, hops=1, jsonpath='./jsons', l2=1e-06, lr=0.001, lr_reduce_patience=3, node_pooling='none', norm='none', num_attention=12, num_hidden=12, num_message_layers=1, num_workers=2, optimizer='adam', pooling='mean', predictor='linear', prover='ffn', res_csv='./logs/ffn/res_dropout04.csv', res_log='./logs/ffn/res_dropout04.log', run_log='./logs/ffn/run_dropout04.log', sanity=False, sanity_batches=4, scheduler='plateau', sexpression=False, tokenizer_length=256, vocab_size=30522)
2021-03-24 15:38:24,166:	training size -> 7603
2021-03-24 15:38:24,166:	valid size -> 4262
2021-03-24 15:38:24,184:	FFNProver(
  (ffn): Sequential(
    (0): Linear(in_features=55, out_features=55, bias=True)
    (1): ReLU()
    (2): Dropout(p=0.4, inplace=False)
    (3): Linear(in_features=55, out_features=55, bias=True)
    (4): ReLU()
    (5): Dropout(p=0.4, inplace=False)
    (6): Linear(in_features=55, out_features=4, bias=True)
    (7): ReLU()
    (8): Dropout(p=0.4, inplace=False)
  )
  (softmax): Softmax(dim=1)
)
2021-03-24 15:38:24,184:	epoch: 0
2021-03-24 16:48:16,463:	###################
2021-03-24 16:48:16,468:	train guesses: {'easy goals': 104370, 'apply rewrite': 257, 'goal break up/other': 157, 'transformations': 16860}
2021-03-24 16:48:16,469:	validation guesses: {'easy goals': 52399, 'transformations': 15781}
2021-03-24 16:48:16,469:	train losses: 1.3545549078770378
2021-03-24 16:48:16,469:	validation losses: 1.3038225361910407
2021-03-24 16:48:16,469:	train accuracy: 0.2913666107658413
2021-03-24 16:48:16,469:	validation accuracy: 0.35079202112056324
2021-03-24 16:48:16,469:	###################
